<?xml version="1.0" encoding="UTF-8"?>
<testng-results skipped="0" failed="0" ignored="0" total="1" passed="1">
  <reporter-output>
  </reporter-output>
  <suite name="Default suite" duration-ms="25419" started-at="2020-03-26T06:47:24Z" finished-at="2020-03-26T06:47:50Z">
    <groups>
    </groups>
    <test name="Default test" duration-ms="25419" started-at="2020-03-26T06:47:24Z" finished-at="2020-03-26T06:47:50Z">
      <class name="com.testcases.LoginApplication">
        <test-method status="PASS" signature="Login()[pri:0, instance:com.testcases.LoginApplication@121b0a2]" name="Login" duration-ms="25388" started-at="2020-03-26T12:17:24Z" finished-at="2020-03-26T12:17:50Z">
          <reporter-output>
          </reporter-output>
        </test-method> <!-- Login -->
      </class> <!-- com.testcases.LoginApplication -->
    </test> <!-- Default test -->
  </suite> <!-- Default suite -->
</testng-results>
